{"/home/martiel/Code/TypeScript/TestesComJest/src/classes/Customers.ts": {"path":"/home/martiel/Code/TypeScript/TestesComJest/src/classes/Customers.ts","statementMap":{"0":{"start":{"line":9,"column":6},"end":{"line":9,"column":23}},"1":{"start":{"line":10,"column":6},"end":{"line":10,"column":31}},"2":{"start":{"line":11,"column":6},"end":{"line":11,"column":21}},"3":{"start":{"line":15,"column":23},"end":{"line":15,"column":55}},"4":{"start":{"line":16,"column":6},"end":{"line":16,"column":50}},"5":{"start":{"line":20,"column":6},"end":{"line":20,"column":45}},"6":{"start":{"line":24,"column":6},"end":{"line":24,"column":40}},"7":{"start":{"line":3,"column":0},"end":{"line":3,"column":13}},"8":{"start":{"line":33,"column":6},"end":{"line":33,"column":23}},"9":{"start":{"line":34,"column":6},"end":{"line":34,"column":23}},"10":{"start":{"line":38,"column":24},"end":{"line":38,"column":63}},"11":{"start":{"line":39,"column":6},"end":{"line":39,"column":55}},"12":{"start":{"line":43,"column":6},"end":{"line":43,"column":28}},"13":{"start":{"line":47,"column":6},"end":{"line":47,"column":42}},"14":{"start":{"line":28,"column":0},"end":{"line":28,"column":13}}},"fnMap":{"0":{"name":"(anonymous_0)","decl":{"start":{"line":8,"column":3},"end":{"line":8,"column":15}},"loc":{"start":{"line":8,"column":58},"end":{"line":12,"column":4}}},"1":{"name":"(anonymous_1)","decl":{"start":{"line":14,"column":3},"end":{"line":14,"column":14}},"loc":{"start":{"line":14,"column":26},"end":{"line":17,"column":4}}},"2":{"name":"(anonymous_2)","decl":{"start":{"line":19,"column":3},"end":{"line":19,"column":10}},"loc":{"start":{"line":19,"column":10},"end":{"line":21,"column":4}}},"3":{"name":"(anonymous_3)","decl":{"start":{"line":23,"column":3},"end":{"line":23,"column":9}},"loc":{"start":{"line":23,"column":9},"end":{"line":25,"column":4}}},"4":{"name":"(anonymous_4)","decl":{"start":{"line":32,"column":3},"end":{"line":32,"column":15}},"loc":{"start":{"line":32,"column":41},"end":{"line":35,"column":4}}},"5":{"name":"(anonymous_5)","decl":{"start":{"line":37,"column":3},"end":{"line":37,"column":15}},"loc":{"start":{"line":37,"column":28},"end":{"line":40,"column":4}}},"6":{"name":"(anonymous_6)","decl":{"start":{"line":42,"column":3},"end":{"line":42,"column":10}},"loc":{"start":{"line":42,"column":10},"end":{"line":44,"column":4}}},"7":{"name":"(anonymous_7)","decl":{"start":{"line":46,"column":3},"end":{"line":46,"column":9}},"loc":{"start":{"line":46,"column":9},"end":{"line":48,"column":4}}}},"branchMap":{},"s":{"0":3,"1":3,"2":3,"3":1,"4":1,"5":1,"6":1,"7":1,"8":3,"9":3,"10":1,"11":1,"12":1,"13":1,"14":1},"f":{"0":3,"1":1,"2":1,"3":1,"4":3,"5":1,"6":1,"7":1},"b":{}}
,"/home/martiel/Code/TypeScript/TestesComJest/src/classes/Discount.ts": {"path":"/home/martiel/Code/TypeScript/TestesComJest/src/classes/Discount.ts","statementMap":{"0":{"start":{"line":2,"column":24},"end":{"line":2,"column":25}},"1":{"start":{"line":5,"column":6},"end":{"line":5,"column":51}},"2":{"start":{"line":1,"column":0},"end":{"line":1,"column":22}},"3":{"start":{"line":10,"column":33},"end":{"line":10,"column":35}},"4":{"start":{"line":9,"column":0},"end":{"line":9,"column":13}},"5":{"start":{"line":14,"column":33},"end":{"line":14,"column":35}},"6":{"start":{"line":13,"column":0},"end":{"line":13,"column":13}},"7":{"start":{"line":17,"column":0},"end":{"line":17,"column":13}}},"fnMap":{"0":{"name":"(anonymous_0)","decl":{"start":{"line":4,"column":3},"end":{"line":4,"column":12}},"loc":{"start":{"line":4,"column":26},"end":{"line":6,"column":4}}}},"branchMap":{},"s":{"0":8,"1":4,"2":2,"3":1,"4":2,"5":1,"6":2,"7":2},"f":{"0":4},"b":{}}
,"/home/martiel/Code/TypeScript/TestesComJest/src/classes/Order.ts": {"path":"/home/martiel/Code/TypeScript/TestesComJest/src/classes/Order.ts","statementMap":{"0":{"start":{"line":8,"column":39},"end":{"line":8,"column":45}},"1":{"start":{"line":11,"column":23},"end":{"line":11,"column":57}},"2":{"start":{"line":12,"column":23},"end":{"line":12,"column":51}},"3":{"start":{"line":13,"column":23},"end":{"line":13,"column":55}},"4":{"start":{"line":14,"column":23},"end":{"line":14,"column":46}},"5":{"start":{"line":18,"column":6},"end":{"line":18,"column":31}},"6":{"start":{"line":22,"column":6},"end":{"line":25,"column":7}},"7":{"start":{"line":23,"column":9},"end":{"line":23,"column":49}},"8":{"start":{"line":24,"column":9},"end":{"line":24,"column":16}},"9":{"start":{"line":27,"column":6},"end":{"line":27,"column":35}},"10":{"start":{"line":28,"column":6},"end":{"line":28,"column":119}},"11":{"start":{"line":29,"column":6},"end":{"line":29,"column":35}},"12":{"start":{"line":30,"column":6},"end":{"line":30,"column":32}},"13":{"start":{"line":32,"column":6},"end":{"line":32,"column":83}},"14":{"start":{"line":7,"column":0},"end":{"line":7,"column":13}}},"fnMap":{"0":{"name":"(anonymous_0)","decl":{"start":{"line":10,"column":3},"end":{"line":10,"column":null}},"loc":{"start":{"line":14,"column":46},"end":{"line":15,"column":7}}},"1":{"name":"(anonymous_1)","decl":{"start":{"line":17,"column":3},"end":{"line":17,"column":7}},"loc":{"start":{"line":17,"column":18},"end":{"line":19,"column":4}}},"2":{"name":"(anonymous_2)","decl":{"start":{"line":21,"column":3},"end":{"line":21,"column":11}},"loc":{"start":{"line":21,"column":11},"end":{"line":33,"column":4}}}},"branchMap":{"0":{"loc":{"start":{"line":22,"column":6},"end":{"line":25,"column":7}},"type":"if","locations":[{"start":{"line":22,"column":6},"end":{"line":25,"column":7}}]}},"s":{"0":5,"1":5,"2":5,"3":5,"4":5,"5":2,"6":5,"7":1,"8":1,"9":4,"10":4,"11":4,"12":4,"13":4,"14":1},"f":{"0":5,"1":2,"2":5},"b":{"0":[1]}}
,"/home/martiel/Code/TypeScript/TestesComJest/src/classes/ShoppingCart.ts": {"path":"/home/martiel/Code/TypeScript/TestesComJest/src/classes/ShoppingCart.ts","statementMap":{"0":{"start":{"line":6,"column":37},"end":{"line":6,"column":39}},"1":{"start":{"line":8,"column":32},"end":{"line":8,"column":50}},"2":{"start":{"line":11,"column":6},"end":{"line":11,"column":29}},"3":{"start":{"line":15,"column":6},"end":{"line":15,"column":35}},"4":{"start":{"line":19,"column":6},"end":{"line":23,"column":21}},"5":{"start":{"line":21,"column":12},"end":{"line":21,"column":38}},"6":{"start":{"line":27,"column":6},"end":{"line":27,"column":51}},"7":{"start":{"line":31,"column":6},"end":{"line":31,"column":25}},"8":{"start":{"line":35,"column":6},"end":{"line":35,"column":29}},"9":{"start":{"line":39,"column":6},"end":{"line":39,"column":38}},"10":{"start":{"line":5,"column":0},"end":{"line":5,"column":13}}},"fnMap":{"0":{"name":"(anonymous_0)","decl":{"start":{"line":8,"column":3},"end":{"line":8,"column":32}},"loc":{"start":{"line":8,"column":50},"end":{"line":8,"column":54}}},"1":{"name":"(anonymous_1)","decl":{"start":{"line":10,"column":3},"end":{"line":10,"column":10}},"loc":{"start":{"line":10,"column":21},"end":{"line":12,"column":4}}},"2":{"name":"(anonymous_2)","decl":{"start":{"line":14,"column":3},"end":{"line":14,"column":13}},"loc":{"start":{"line":14,"column":27},"end":{"line":16,"column":4}}},"3":{"name":"(anonymous_3)","decl":{"start":{"line":18,"column":3},"end":{"line":18,"column":8}},"loc":{"start":{"line":18,"column":8},"end":{"line":24,"column":4}}},"4":{"name":"(anonymous_4)","decl":{"start":{"line":20,"column":17},"end":{"line":20,"column":18}},"loc":{"start":{"line":20,"column":33},"end":{"line":22,"column":10}}},"5":{"name":"(anonymous_5)","decl":{"start":{"line":26,"column":3},"end":{"line":26,"column":20}},"loc":{"start":{"line":26,"column":20},"end":{"line":28,"column":4}}},"6":{"name":"(anonymous_6)","decl":{"start":{"line":30,"column":3},"end":{"line":30,"column":7}},"loc":{"start":{"line":30,"column":12},"end":{"line":32,"column":4}}},"7":{"name":"(anonymous_7)","decl":{"start":{"line":34,"column":3},"end":{"line":34,"column":8}},"loc":{"start":{"line":34,"column":8},"end":{"line":36,"column":4}}},"8":{"name":"(anonymous_8)","decl":{"start":{"line":38,"column":3},"end":{"line":38,"column":10}},"loc":{"start":{"line":38,"column":10},"end":{"line":40,"column":4}}}},"branchMap":{},"s":{"0":5,"1":5,"2":8,"3":1,"4":3,"5":5,"6":1,"7":2,"8":1,"9":2,"10":1},"f":{"0":5,"1":8,"2":1,"3":3,"4":5,"5":1,"6":2,"7":1,"8":2},"b":{}}
,"/home/martiel/Code/TypeScript/TestesComJest/src/classes/product.ts": {"path":"/home/martiel/Code/TypeScript/TestesComJest/src/classes/product.ts","statementMap":{"0":{"start":{"line":5,"column":13},"end":{"line":5,"column":25}},"1":{"start":{"line":6,"column":13},"end":{"line":6,"column":26}},"2":{"start":{"line":3,"column":0},"end":{"line":3,"column":13}}},"fnMap":{"0":{"name":"(anonymous_0)","decl":{"start":{"line":4,"column":3},"end":{"line":4,"column":null}},"loc":{"start":{"line":6,"column":26},"end":{"line":7,"column":7}}}},"branchMap":{},"s":{"0":1,"1":1,"2":1},"f":{"0":1},"b":{}}
,"/home/martiel/Code/TypeScript/TestesComJest/src/services/Messaging.ts": {"path":"/home/martiel/Code/TypeScript/TestesComJest/src/services/Messaging.ts","statementMap":{"0":{"start":{"line":5,"column":6},"end":{"line":5,"column":34}},"1":{"start":{"line":3,"column":0},"end":{"line":3,"column":13}}},"fnMap":{"0":{"name":"(anonymous_0)","decl":{"start":{"line":4,"column":3},"end":{"line":4,"column":14}},"loc":{"start":{"line":4,"column":27},"end":{"line":6,"column":4}}}},"branchMap":{},"s":{"0":3,"1":1},"f":{"0":3},"b":{}}
,"/home/martiel/Code/TypeScript/TestesComJest/src/services/persistency.ts": {"path":"/home/martiel/Code/TypeScript/TestesComJest/src/services/persistency.ts","statementMap":{"0":{"start":{"line":5,"column":6},"end":{"line":5,"column":50}},"1":{"start":{"line":3,"column":0},"end":{"line":3,"column":13}}},"fnMap":{"0":{"name":"(anonymous_0)","decl":{"start":{"line":4,"column":3},"end":{"line":4,"column":12}},"loc":{"start":{"line":4,"column":12},"end":{"line":6,"column":4}}}},"branchMap":{},"s":{"0":3,"1":1},"f":{"0":3},"b":{}}
}
